<?xml version="1.0" encoding="UTF-8"?>
<!-- Generated by org.testng.reporters.JUnitReportReporter -->
<testsuite hostname="LTIN588221" failures="0" tests="1" name="ch3part2Assignments.Qn1_verifyStatusCode500" time="2.423" errors="0" timestamp="2025-04-30T12:00:25 IST" skipped="0">
  <testcase classname="ch3part2Assignments.Qn1_verifyStatusCode500" name="verify" time="2.423"/>
  <system-out/>
</testsuite> <!-- ch3part2Assignments.Qn1_verifyStatusCode500 -->
