<?xml version="1.0" encoding="UTF-8"?>
<!-- Generated by org.testng.reporters.JUnitReportReporter -->
<testsuite hostname="LTIN588221" failures="0" tests="1" name="ch3part3Assignments.Qn3_ApiResponseBaseURI" time="1.628" errors="0" timestamp="2025-04-30T13:53:33 IST" skipped="0">
  <testcase classname="ch3part3Assignments.Qn3_ApiResponseBaseURI" name="verify" time="1.628"/>
  <system-out/>
</testsuite> <!-- ch3part3Assignments.Qn3_ApiResponseBaseURI -->
