<?xml version="1.0" encoding="UTF-8"?>
<!-- Generated by org.testng.reporters.JUnitReportReporter -->
<testsuite hostname="LTIN588221" failures="0" tests="1" name="ch3part2Assignments.Qn4_ApiResponseWithParam" time="2.019" errors="0" timestamp="2025-06-13T08:53:31 IST" skipped="0">
  <testcase classname="ch3part2Assignments.Qn4_ApiResponseWithParam" name="verify" time="2.019"/>
  <system-out/>
</testsuite> <!-- ch3part2Assignments.Qn4_ApiResponseWithParam -->
