<?xml version="1.0" encoding="UTF-8"?>
<!-- Generated by org.testng.reporters.JUnitReportReporter -->
<testsuite hostname="LTIN588221" failures="0" tests="1" name="ch3part3Assignments.Qn2_pathParamApiResponse" time="1.591" errors="0" timestamp="2025-05-02T10:53:26 IST" skipped="0">
  <testcase classname="ch3part3Assignments.Qn2_pathParamApiResponse" name="verify" time="1.591"/>
  <system-out/>
</testsuite> <!-- ch3part3Assignments.Qn2_pathParamApiResponse -->
