<?xml version="1.0" encoding="UTF-8"?>
<!-- Generated by org.testng.reporters.JUnitReportReporter -->
<testsuite hostname="LTIN588221" failures="0" tests="1" name="ch3part2Assignments.Qn3_ApplicationAsXML" time="3.110" errors="0" timestamp="2025-06-13T08:52:53 IST" skipped="0">
  <testcase classname="ch3part2Assignments.Qn3_ApplicationAsXML" name="retrieve" time="3.110"/>
  <system-out/>
</testsuite> <!-- ch3part2Assignments.Qn3_ApplicationAsXML -->
