<?xml version="1.0" encoding="UTF-8"?>
<!-- Generated by org.testng.reporters.JUnitReportReporter -->
<testsuite hostname="LTIN588221" failures="0" tests="1" name="ch3part3Assignments.Qn1_QueryParamApiResponse" time="2.215" errors="0" timestamp="2025-05-02T10:42:28 IST" skipped="0">
  <testcase classname="ch3part3Assignments.Qn1_QueryParamApiResponse" name="verify" time="2.215"/>
  <system-out/>
</testsuite> <!-- ch3part3Assignments.Qn1_QueryParamApiResponse -->
