<?xml version="1.0" encoding="UTF-8"?>
<!-- Generated by org.testng.reporters.JUnitReportReporter -->
<testsuite hostname="LTIN588221" failures="0" tests="1" name="ch3part1Assignments.Qn3_verifyStatusCode301" time="2.379" errors="0" timestamp="2025-04-30T11:52:42 IST" skipped="0">
  <testcase classname="ch3part1Assignments.Qn3_verifyStatusCode301" name="verify" time="2.379"/>
  <system-out/>
</testsuite> <!-- ch3part1Assignments.Qn3_verifyStatusCode301 -->
