<?xml version="1.0" encoding="UTF-8"?>
<!-- Generated by org.testng.reporters.JUnitReportReporter -->
<testsuite hostname="LTIN588221" failures="0" tests="1" name="ch3part2Assignments.Qn2_RetrieveApiResponseJSON" time="2.567" errors="0" timestamp="2025-05-02T10:02:34 IST" skipped="0">
  <testcase classname="ch3part2Assignments.Qn2_RetrieveApiResponseJSON" name="retrieve" time="2.567"/>
  <system-out/>
</testsuite> <!-- ch3part2Assignments.Qn2_RetrieveApiResponseJSON -->
