<?xml version="1.0" encoding="UTF-8"?>
<!-- Generated by org.testng.reporters.JUnitReportReporter -->
<testsuite hostname="LTIN588221" failures="0" tests="1" name="chapter8.Qn_7_UniversityNames_India" time="3.184" errors="0" timestamp="2025-05-09T09:40:53 IST" skipped="0">
  <testcase classname="chapter8.Qn_7_UniversityNames_India" name="verify" time="3.184"/>
  <system-out/>
</testsuite> <!-- chapter8.Qn_7_UniversityNames_India -->
