<?xml version="1.0" encoding="UTF-8"?>
<!-- Generated by org.testng.reporters.JUnitReportReporter -->
<testsuite hostname="LTIN588221" failures="0" tests="1" name="chapter8.Qn_4_PrintNumberUniversitiesIndia" time="2.801" errors="0" timestamp="2025-05-12T11:20:52 IST" skipped="0">
  <testcase classname="chapter8.Qn_4_PrintNumberUniversitiesIndia" name="printNumberOfUniversities" time="2.801"/>
  <system-out/>
</testsuite> <!-- chapter8.Qn_4_PrintNumberUniversitiesIndia -->
