<?xml version="1.0" encoding="UTF-8"?>
<!-- Generated by org.testng.reporters.JUnitReportReporter -->
<testsuite hostname="LTIN588221" failures="0" tests="1" name="chapter8.Qn_8_UniversityNames_Canada" time="2.437" errors="0" timestamp="2025-05-09T09:43:20 IST" skipped="0">
  <testcase classname="chapter8.Qn_8_UniversityNames_Canada" name="verify" time="2.437"/>
  <system-out/>
</testsuite> <!-- chapter8.Qn_8_UniversityNames_Canada -->
