<?xml version="1.0" encoding="UTF-8"?>
<!-- Generated by org.testng.reporters.JUnitReportReporter -->
<testsuite hostname="LTIN588221" failures="0" tests="1" name="chapter8.Qn_1_EnsureJSONSchemadataTypesMatchingjsonPlaceholderAPIRequest" time="2.058" errors="0" timestamp="2025-05-08T11:58:09 IST" skipped="0">
  <testcase classname="chapter8.Qn_1_EnsureJSONSchemadataTypesMatchingjsonPlaceholderAPIRequest" name="validateJsonSchema" time="2.058"/>
  <system-out/>
</testsuite> <!-- chapter8.Qn_1_EnsureJSONSchemadataTypesMatchingjsonPlaceholderAPIRequest -->
