<?xml version="1.0" encoding="UTF-8"?>
<!-- Generated by org.testng.reporters.JUnitReportReporter -->
<testsuite hostname="LTIN588221" failures="0" tests="1" name="chapter8.Qn_11_PrintSecondAvailableUniversity_France" time="2.640" errors="0" timestamp="2025-05-09T17:11:23 IST" skipped="0">
  <testcase classname="chapter8.Qn_11_PrintSecondAvailableUniversity_France" name="printNumberOfUniversities" time="2.640"/>
  <system-out/>
</testsuite> <!-- chapter8.Qn_11_PrintSecondAvailableUniversity_France -->
