<?xml version="1.0" encoding="UTF-8"?>
<!-- Generated by org.testng.reporters.JUnitReportReporter -->
<testsuite hostname="LTIN588221" failures="0" tests="1" name="chapter8.Qn_2_EnsureJSONSchemadataTypesNotMatchingjsonPlaceholder" time="1.990" errors="0" timestamp="2025-05-09T15:26:47 IST" skipped="0">
  <testcase classname="chapter8.Qn_2_EnsureJSONSchemadataTypesNotMatchingjsonPlaceholder" name="validateJsonSchema" time="1.990"/>
  <system-out/>
</testsuite> <!-- chapter8.Qn_2_EnsureJSONSchemadataTypesNotMatchingjsonPlaceholder -->
