<?xml version="1.0" encoding="UTF-8"?>
<!-- Generated by org.testng.reporters.JUnitReportReporter -->
<testsuite hostname="LTIN588221" failures="0" tests="1" name="chapter8.Qn_6" time="2.898" errors="0" timestamp="2025-05-09T09:38:22 IST" skipped="0">
  <testcase classname="chapter8.Qn_6" name="verify" time="2.898"/>
  <system-out/>
</testsuite> <!-- chapter8.Qn_6 -->
