<?xml version="1.0" encoding="UTF-8"?>
<!-- Generated by org.testng.reporters.JUnitReportReporter -->
<testsuite hostname="LTIN588221" failures="0" tests="1" name="chapter8.Qn_12_Verify_UnitedStates_Population_in_2016" time="1.967" errors="0" timestamp="2025-05-09T10:46:11 IST" skipped="0">
  <testcase classname="chapter8.Qn_12_Verify_UnitedStates_Population_in_2016" name="verifyUSPopulationIn2016" time="1.967"/>
  <system-out/>
</testsuite> <!-- chapter8.Qn_12_Verify_UnitedStates_Population_in_2016 -->
