<?xml version="1.0" encoding="UTF-8"?>
<!-- Generated by org.testng.reporters.JUnitReportReporter -->
<testsuite hostname="LTIN588221" failures="0" tests="1" name="chapter8.Qn_9_StoreDetailsINTO_JsonFile_UgandaUniversity" time="2.177" errors="0" timestamp="2025-05-12T09:04:08 IST" skipped="0">
  <testcase classname="chapter8.Qn_9_StoreDetailsINTO_JsonFile_UgandaUniversity" name="verify" time="2.177"/>
  <system-out/>
</testsuite> <!-- chapter8.Qn_9_StoreDetailsINTO_JsonFile_UgandaUniversity -->
