<?xml version="1.0" encoding="UTF-8"?>
<!-- Generated by org.testng.reporters.JUnitReportReporter -->
<testsuite hostname="LTIN588221" failures="0" tests="1" name="chapter8.Qn_3_PrintNumberUniversitiesUnitedStates" time="4.536" errors="0" timestamp="2025-05-13T13:30:49 IST" skipped="0">
  <testcase classname="chapter8.Qn_3_PrintNumberUniversitiesUnitedStates" name="getTotalUniversityCountWithLogging" time="4.536"/>
  <system-out/>
</testsuite> <!-- chapter8.Qn_3_PrintNumberUniversitiesUnitedStates -->
