<?xml version="1.0" encoding="UTF-8"?>
<!-- Generated by org.testng.reporters.JUnitReportReporter -->
<testsuite hostname="LTIN588221" failures="0" tests="1" name="chapter8.Qn_5_PrintNumberUniversitiesCanada" time="2.446" errors="0" timestamp="2025-05-09T09:25:35 IST" skipped="0">
  <testcase classname="chapter8.Qn_5_PrintNumberUniversitiesCanada" name="printNumberOfUniversities" time="2.446"/>
  <system-out/>
</testsuite> <!-- chapter8.Qn_5_PrintNumberUniversitiesCanada -->
