<?xml version="1.0" encoding="UTF-8"?>
<!-- Generated by org.testng.reporters.JUnitReportReporter -->
<testsuite hostname="LTIN588221" failures="0" tests="3" name="chapter1.Qn_2_BitcoinRateTest" time="0.024" errors="0" timestamp="2025-05-19T09:05:24 IST" skipped="0">
  <testcase classname="chapter1.Qn_2_BitcoinRateTest" name="testFakeBitcoinRateUSD" time="0.002"/>
  <system-out/>
  <testcase classname="chapter1.Qn_2_BitcoinRateTest" name="testFakeBitcoinRateGBP" time="0.002"/>
  <system-out/>
  <testcase classname="chapter1.Qn_2_BitcoinRateTest" name="testFakeBitcoinRateEUR" time="0.020"/>
  <system-out/>
</testsuite> <!-- chapter1.Qn_2_BitcoinRateTest -->
