<?xml version="1.0" encoding="UTF-8"?>
<!-- Generated by org.testng.reporters.JUnitReportReporter -->
<testsuite hostname="LTIN588221" failures="0" tests="1" name="chapter6.Qn_04_UpdatePriceExistingProductPrintUpdatedPrice" time="2.212" errors="0" timestamp="2025-05-12T15:04:38 IST" skipped="0">
  <testcase classname="chapter6.Qn_04_UpdatePriceExistingProductPrintUpdatedPrice" name="testPutRequest" time="2.212"/>
  <system-out/>
</testsuite> <!-- chapter6.Qn_04_UpdatePriceExistingProductPrintUpdatedPrice -->
