<?xml version="1.0" encoding="UTF-8"?>
<!-- Generated by org.testng.reporters.JUnitReportReporter -->
<testsuite hostname="LTIN588221" failures="0" tests="1" name="chapter6.Qn_06_DeleteProductNotInServerVerifyCode404And200" time="1.752" errors="0" timestamp="2025-05-12T15:09:45 IST" skipped="0">
  <testcase classname="chapter6.Qn_06_DeleteProductNotInServerVerifyCode404And200" name="deletetheproductagain" time="1.752"/>
  <system-out/>
</testsuite> <!-- chapter6.Qn_06_DeleteProductNotInServerVerifyCode404And200 -->
