<?xml version="1.0" encoding="UTF-8"?>
<!-- Generated by org.testng.reporters.JUnitReportReporter -->
<testsuite hostname="LTIN588221" failures="0" tests="1" name="chapter6.Qn_01_Addproductdetailsrequestfor200" time="2.027" errors="0" timestamp="2025-05-12T15:09:14 IST" skipped="0">
  <testcase classname="chapter6.Qn_01_Addproductdetailsrequestfor200" name="addproducts" time="2.027"/>
  <system-out/>
</testsuite> <!-- chapter6.Qn_01_Addproductdetailsrequestfor200 -->
