<?xml version="1.0" encoding="UTF-8"?>
<!-- Generated by org.testng.reporters.JUnitReportReporter -->
<testsuite hostname="LTIN588221" failures="0" tests="1" name="chapter6.Qn_03_UpdatePriceExistingProductVerifyStatusCode200" time="1.746" errors="0" timestamp="2025-05-07T18:52:46 IST" skipped="0">
  <testcase classname="chapter6.Qn_03_UpdatePriceExistingProductVerifyStatusCode200" name="testPutRequest" time="1.746"/>
  <system-out/>
</testsuite> <!-- chapter6.Qn_03_UpdatePriceExistingProductVerifyStatusCode200 -->
